../../packages/auth/src/components/AdminViews.tsx(73,9): error TS2322: Type 'ChipColorScheme' is not assignable to type 'string'.
../../packages/collection_editor/src/types/config_controller.tsx(1,10): error TS2300: Duplicate identifier 'NavigationGroupMapping'.
../../packages/collection_editor/src/types/config_controller.tsx(1,34): error TS2305: Module '"@rebase/core"' has no exported member 'CMSType'.
../../packages/collection_editor/src/types/config_controller.tsx(1,61): error TS2300: Duplicate identifier 'NavigationGroupMapping'.
../../packages/collection_editor/src/ui/collection_editor/CollectionPropertiesEditorForm.tsx(11,5): error TS2724: '"@rebase/core"' has no exported member named 'PropertyBuilder'. Did you mean 'isPropertyBuilder'?
../../packages/collection_editor/src/ui/collection_editor/ExtendSettingsForm.tsx(68,21): error TS2322: Type '{ collection: PersistedCollection; parentCollection: EntityCollection<any, any> | undefined; configController: CollectionsConfigController; collectionInference: CollectionInference | undefined; getUser: ((uid: string) => User | null) | undefined; parentCollectionIds: string[] | undefined; embedded: boolean; }' is not assignable to type 'IntrinsicAttributes & { collection: PersistedCollection; parentCollection?: EntityCollection<any, any> | undefined; configController: CollectionsConfigController; collectionInference?: CollectionInference | undefined; getUser?: ((uid: string) => User | null) | undefined; parentCollectionIds?: string[] | undefined; }'.
  Property 'embedded' does not exist on type 'IntrinsicAttributes & { collection: PersistedCollection; parentCollection?: EntityCollection<any, any> | undefined; configController: CollectionsConfigController; collectionInference?: CollectionInference | undefined; getUser?: ((uid: string) => User | null) | undefined; parentCollectionIds?: string[] | undefined; }'.
../../packages/collection_editor/src/ui/collection_editor/import/CollectionEditorImportMapping.tsx(168,59): error TS2345: Argument of type '{ id: string; editable: boolean; type: "string"; validation?: StringPropertyValidationSchema | undefined; enum?: EnumValues | undefined; ... 22 more ...; conditions?: PropertyConditions | undefined; } | ... 7 more ... | { ...; }' is not assignable to parameter of type 'SetStateAction<PropertyWithId | undefined>'.
  Object literal may only specify known properties, and 'editable' does not exist in type '(StringProperty & { id?: string | undefined; }) | ((prevState: PropertyWithId | undefined) => PropertyWithId | undefined)'.
../../packages/collection_editor/src/ui/collection_editor/utils/update_property_for_widget.ts(24,17): error TS2353: Object literal may only specify known properties, and 'editable' does not exist in type 'StringProperty'.
../../packages/collection_editor/src/ui/collection_editor/utils/update_property_for_widget.ts(40,17): error TS2353: Object literal may only specify known properties, and 'editable' does not exist in type 'StringProperty'.
../../packages/collection_editor/src/ui/collection_editor/utils/update_property_for_widget.ts(56,17): error TS2353: Object literal may only specify known properties, and 'editable' does not exist in type 'StringProperty'.
../../packages/collection_editor/src/ui/collection_editor/utils/update_property_for_widget.ts(72,17): error TS2353: Object literal may only specify known properties, and 'editable' does not exist in type 'StringProperty'.
../../packages/collection_editor/src/ui/collection_editor/utils/update_property_for_widget.ts(87,17): error TS2353: Object literal may only specify known properties, and 'editable' does not exist in type 'StringProperty'.
../../packages/collection_editor/src/ui/collection_editor/utils/update_property_for_widget.ts(103,17): error TS2353: Object literal may only specify known properties, and 'editable' does not exist in type 'StringProperty'.
../../packages/collection_editor/src/ui/collection_editor/utils/update_property_for_widget.ts(119,17): error TS2353: Object literal may only specify known properties, and 'editable' does not exist in type 'StringProperty'.
../../packages/collection_editor/src/ui/collection_editor/utils/update_property_for_widget.ts(135,17): error TS2353: Object literal may only specify known properties, and 'editable' does not exist in type 'ArrayProperty'.
../../packages/collection_editor/src/ui/collection_editor/utils/update_property_for_widget.ts(148,17): error TS2353: Object literal may only specify known properties, and 'editable' does not exist in type 'NumberProperty'.
../../packages/collection_editor/src/ui/collection_editor/utils/update_property_for_widget.ts(158,17): error TS2353: Object literal may only specify known properties, and 'editable' does not exist in type 'NumberProperty'.
../../packages/collection_editor/src/ui/collection_editor/utils/update_property_for_widget.ts(168,17): error TS2353: Object literal may only specify known properties, and 'editable' does not exist in type 'ArrayProperty'.
../../packages/collection_editor/src/ui/collection_editor/utils/update_property_for_widget.ts(181,17): error TS2353: Object literal may only specify known properties, and 'editable' does not exist in type 'StringProperty'.
../../packages/collection_editor/src/ui/collection_editor/utils/update_property_for_widget.ts(193,17): error TS2353: Object literal may only specify known properties, and 'editable' does not exist in type 'ArrayProperty'.
../../packages/collection_editor/src/ui/collection_editor/utils/update_property_for_widget.ts(208,17): error TS2353: Object literal may only specify known properties, and 'editable' does not exist in type 'MapProperty'.
../../packages/collection_editor/src/ui/collection_editor/utils/update_property_for_widget.ts(219,17): error TS2353: Object literal may only specify known properties, and 'editable' does not exist in type 'MapProperty'.
../../packages/collection_editor/src/ui/collection_editor/utils/update_property_for_widget.ts(230,17): error TS2353: Object literal may only specify known properties, and 'editable' does not exist in type 'ReferenceProperty'.
../../packages/collection_editor/src/ui/collection_editor/utils/update_property_for_widget.ts(239,17): error TS2353: Object literal may only specify known properties, and 'editable' does not exist in type 'StringProperty'.
../../packages/collection_editor/src/ui/collection_editor/utils/update_property_for_widget.ts(248,17): error TS2353: Object literal may only specify known properties, and 'editable' does not exist in type 'ArrayProperty'.
../../packages/collection_editor/src/ui/collection_editor/utils/update_property_for_widget.ts(260,17): error TS2353: Object literal may only specify known properties, and 'editable' does not exist in type 'BooleanProperty'.
../../packages/collection_editor/src/ui/collection_editor/utils/update_property_for_widget.ts(269,17): error TS2353: Object literal may only specify known properties, and 'editable' does not exist in type 'DateProperty'.
../../packages/collection_editor/src/ui/collection_editor/utils/update_property_for_widget.ts(279,17): error TS2353: Object literal may only specify known properties, and 'editable' does not exist in type 'ArrayProperty'.
../../packages/collection_editor/src/ui/collection_editor/utils/update_property_for_widget.ts(288,17): error TS2353: Object literal may only specify known properties, and 'editable' does not exist in type 'ArrayProperty'.
../../packages/collection_editor/src/ui/KanbanSetupAction.tsx(23,28): error TS2339: Property 'id' does not exist on type 'EntityCollection<any, any>'.
../../packages/data_import/src/utils/data.ts(144,46): error TS2554: Expected 1 arguments, but got 3.
../../packages/firebase_rebase/src/hooks/useFirestoreDelegate.ts(705,45): error TS2554: Expected 1 arguments, but got 3.
../../packages/firebase_rebase/src/types/text_search.ts(39,41): error TS2552: Cannot find name 'ResolvedEntityCollection'. Did you mean 'EntityCollection'?
../../packages/firebase_rebase/src/utils/rebase_search_controller.ts(4,28): error TS2724: '"@rebase/core"' has no exported member named 'ResolvedEntityCollection'. Did you mean 'resolveEntityAction'?
../../packages/rebase_core/src/form/EntityForm.tsx(835,37): error TS2322: Type 'FormexController<M>' is not assignable to type 'FormexController<Record<string, any>>'.
  Types of property 'setValues' are incompatible.
    Type '(values: M) => void' is not assignable to type '(values: Record<string, any>) => void'.
      Types of parameters 'values' and 'values' are incompatible.
        Type 'Record<string, any>' is not assignable to type 'M'.
          'Record<string, any>' is assignable to the constraint of type 'M', but 'M' could be instantiated with a different subtype of constraint 'Record<string, any>'.
../../packages/rebase_core/src/routes/RebaseRoute.tsx(100,55): error TS2550: Property 'findLast' does not exist on type 'NavigationViewInternal<any>[]'. Do you need to change your target library? Try changing the 'lib' compiler option to 'es2023' or later.
../../packages/rebase_core/src/routes/RebaseRoute.tsx(100,65): error TS7006: Parameter 'entry' implicitly has an 'any' type.
../../packages/rebase_core/src/routes/RebaseRoute.tsx(161,47): error TS2550: Property 'findLast' does not exist on type 'NavigationViewInternal[]'. Do you need to change your target library? Try changing the 'lib' compiler option to 'es2023' or later.
../../packages/rebase_core/src/routes/RebaseRoute.tsx(161,57): error TS7006: Parameter 'entry' implicitly has an 'any' type.
../../packages/rebase_core/src/routes/RebaseRoute.tsx(164,57): error TS2550: Property 'findLast' does not exist on type 'NavigationViewInternal[]'. Do you need to change your target library? Try changing the 'lib' compiler option to 'es2023' or later.
../../packages/rebase_core/src/routes/RebaseRoute.tsx(165,10): error TS7006: Parameter 'entry' implicitly has an 'any' type.
../../packages/rebase_core/src/routes/RebaseRoute.tsx(199,51): error TS2550: Property 'findLast' does not exist on type 'NavigationViewInternal[]'. Do you need to change your target library? Try changing the 'lib' compiler option to 'es2023' or later.
../../packages/rebase_core/src/routes/RebaseRoute.tsx(199,61): error TS7006: Parameter 'entry' implicitly has an 'any' type.
