0 silly argv {
0 silly argv   _: [ 'run' ],
0 silly argv   scope: [ '@rebasepro/studio', '@rebasepro/frontend' ],
0 silly argv   lernaVersion: '9.0.5',
0 silly argv   '$0': '/Users/francesco/firecms_v4/node_modules/.bin/lerna',
0 silly argv   script: 'build'
0 silly argv }
1 notice cli v9.0.5
2 verbose packageConfigs Explicit "packages" configuration found in lerna.json. Resolving packages using the configured glob(s): ["packages/auth","packages/rebase","packages/core","packages/backend","packages/postgresql","packages/ui","packages/util","packages/datatalk","packages/data_enhancement","packages/data_import","packages/data_export","packages/data_import_export","packages/entity_history","packages/firebase","packages/mongodb","packages/cli","packages/create_rebase_app","packages/schema_inference","packages/studio","packages/formex","packages/types","packages/common","app","app/frontend","app/backend","app/shared"]
3 verbose rootPath /Users/francesco/firecms_v4
4 error TypeError: (0 , brace_expansion_1.expand) is not a function
4 error     at braceExpand (/Users/francesco/firecms_v4/node_modules/nx/node_modules/minimatch/dist/commonjs/index.js:157:41)
4 error     at Minimatch.braceExpand (/Users/francesco/firecms_v4/node_modules/nx/node_modules/minimatch/dist/commonjs/index.js:891:40)
4 error     at Minimatch.make (/Users/francesco/firecms_v4/node_modules/nx/node_modules/minimatch/dist/commonjs/index.js:268:41)
4 error     at new Minimatch (/Users/francesco/firecms_v4/node_modules/nx/node_modules/minimatch/dist/commonjs/index.js:238:14)
4 error     at minimatch (/Users/francesco/firecms_v4/node_modules/nx/node_modules/minimatch/dist/commonjs/index.js:15:12)
4 error     at findMatchingConfigFiles (/Users/francesco/firecms_v4/node_modules/nx/src/project-graph/utils/project-configuration-utils.js:422:39)
4 error     at createProjectConfigurationsWithPlugins (/Users/francesco/firecms_v4/node_modules/nx/src/project-graph/utils/project-configuration-utils.js:270:37)
4 error     at retrieveProjectConfigurations (/Users/francesco/firecms_v4/node_modules/nx/src/project-graph/utils/retrieve-workspace-files.js:47:85)
4 error     at async buildProjectGraphAndSourceMapsWithoutDaemon (/Users/francesco/firecms_v4/node_modules/nx/src/project-graph/project-graph.js:90:31)
