src/app/Scaffold.tsx(2,96): error TS2307: Cannot find module '@rebasepro/ui' or its corresponding type declarations.
src/components/admin/RoleChip.tsx(2,39): error TS2307: Cannot find module '@rebasepro/ui' or its corresponding type declarations.
src/components/admin/RoleChip.tsx(4,61): error TS2307: Cannot find module '@rebasepro/ui' or its corresponding type declarations.
src/components/admin/RolesView.tsx(29,8): error TS2307: Cannot find module '@rebasepro/ui' or its corresponding type declarations.
src/components/admin/RolesView.tsx(119,63): error TS7006: Parameter 'e' implicitly has an 'any' type.
src/components/admin/RolesView.tsx(239,44): error TS7006: Parameter 'open' implicitly has an 'any' type.
src/components/admin/RolesView.tsx(255,44): error TS7006: Parameter 'e' implicitly has an 'any' type.
src/components/admin/RolesView.tsx(270,44): error TS7006: Parameter 'e' implicitly has an 'any' type.
src/components/admin/RolesView.tsx(282,55): error TS7006: Parameter 'checked' implicitly has an 'any' type.
src/components/admin/UsersView.tsx(26,8): error TS2307: Cannot find module '@rebasepro/ui' or its corresponding type declarations.
src/components/admin/UsersView.tsx(147,59): error TS7006: Parameter 'e' implicitly has an 'any' type.
src/components/admin/UsersView.tsx(281,44): error TS7006: Parameter 'open' implicitly has an 'any' type.
src/components/admin/UsersView.tsx(297,44): error TS7006: Parameter 'e' implicitly has an 'any' type.
src/components/admin/UsersView.tsx(311,44): error TS7006: Parameter 'e' implicitly has an 'any' type.
src/components/AIIcon.tsx(2,33): error TS2307: Cannot find module '@rebasepro/ui' or its corresponding type declarations.
src/components/ArrayContainer.tsx(30,8): error TS2307: Cannot find module '@rebasepro/ui' or its corresponding type declarations.
src/components/CircularProgressCenter.tsx(2,69): error TS2307: Cannot find module '@rebasepro/ui' or its corresponding type declarations.
src/components/ClearFilterSortButton.tsx(1,52): error TS2307: Cannot find module '@rebasepro/ui' or its corresponding type declarations.
src/components/common/default_entity_actions.tsx(1,52): error TS2307: Cannot find module '@rebasepro/ui' or its corresponding type declarations.
src/components/ConfirmationDialog.tsx(3,90): error TS2307: Cannot find module '@rebasepro/ui' or its corresponding type declarations.
src/components/ConfirmationDialog.tsx(25,28): error TS7006: Parameter 'open' implicitly has an 'any' type.
src/components/Debug/UIReferenceView.tsx(62,8): error TS2307: Cannot find module '@rebasepro/ui' or its corresponding type declarations.
src/components/Debug/UIStyleGuide.tsx(11,8): error TS2307: Cannot find module '@rebasepro/ui' or its corresponding type declarations.
src/components/DeleteEntityDialog.tsx(3,93): error TS2307: Cannot find module '@rebasepro/ui' or its corresponding type declarations.
src/components/DeleteEntityDialog.tsx(155,28): error TS7006: Parameter 'open' implicitly has an 'any' type.
src/components/EntityCollectionTable/EntityCollectionRowActions.tsx(4,99): error TS2307: Cannot find module '@rebasepro/ui' or its corresponding type declarations.
src/components/EntityCollectionTable/EntityCollectionRowActions.tsx(154,47): error TS7006: Parameter 'e' implicitly has an 'any' type.
src/components/EntityCollectionTable/EntityCollectionTable.tsx(17,21): error TS2307: Cannot find module '@rebasepro/ui' or its corresponding type declarations.
src/components/EntityCollectionTable/fields/TableMultipleRelationField.tsx(4,31): error TS2307: Cannot find module '@rebasepro/ui' or its corresponding type declarations.
src/components/EntityCollectionTable/fields/TableReferenceField.tsx(10,31): error TS2307: Cannot find module '@rebasepro/ui' or its corresponding type declarations.
src/components/EntityCollectionTable/fields/TableRelationField.tsx(10,31): error TS2307: Cannot find module '@rebasepro/ui' or its corresponding type declarations.
src/components/EntityCollectionTable/fields/TableStorageUpload.tsx(12,55): error TS2307: Cannot find module '@rebasepro/ui' or its corresponding type declarations.
src/components/EntityCollectionTable/internal/CollectionTableToolbar.tsx(8,8): error TS2307: Cannot find module '@rebasepro/ui' or its corresponding type declarations.
src/components/EntityCollectionTable/internal/EntityTableCell.tsx(5,50): error TS2307: Cannot find module '@rebasepro/ui' or its corresponding type declarations.
src/components/EntityCollectionTable/internal/EntityTableCellActions.tsx(1,39): error TS2307: Cannot find module '@rebasepro/ui' or its corresponding type declarations.
src/components/EntityCollectionTable/internal/popup_field/PopupFormField.tsx(19,74): error TS2307: Cannot find module '@rebasepro/ui' or its corresponding type declarations.
src/components/EntityCollectionTable/internal/popup_field/PopupFormField.tsx(399,35): error TS7006: Parameter 'event' implicitly has an 'any' type.
src/components/EntityCollectionView/Board.tsx(16,21): error TS2307: Cannot find module '@rebasepro/ui' or its corresponding type declarations.
src/components/EntityCollectionView/board_types.ts(2,47): error TS2307: Cannot find module '@rebasepro/ui' or its corresponding type declarations.
src/components/EntityCollectionView/BoardColumn.tsx(7,93): error TS2307: Cannot find module '@rebasepro/ui' or its corresponding type declarations.
src/components/EntityCollectionView/BoardColumnTitle.tsx(1,74): error TS2307: Cannot find module '@rebasepro/ui' or its corresponding type declarations.
src/components/EntityCollectionView/BoardSortableList.tsx(5,39): error TS2307: Cannot find module '@rebasepro/ui' or its corresponding type declarations.
src/components/EntityCollectionView/EntityBoardCard.tsx(6,51): error TS2307: Cannot find module '@rebasepro/ui' or its corresponding type declarations.
src/components/EntityCollectionView/EntityCard.tsx(20,8): error TS2307: Cannot find module '@rebasepro/ui' or its corresponding type declarations.
src/components/EntityCollectionView/EntityCollectionBoardView.tsx(28,8): error TS2307: Cannot find module '@rebasepro/ui' or its corresponding type declarations.
src/components/EntityCollectionView/EntityCollectionCardView.tsx(14,8): error TS2307: Cannot find module '@rebasepro/ui' or its corresponding type declarations.
src/components/EntityCollectionView/EntityCollectionView.tsx(67,8): error TS2307: Cannot find module '@rebasepro/ui' or its corresponding type declarations.
src/components/EntityCollectionView/EntityCollectionViewActions.tsx(11,8): error TS2307: Cannot find module '@rebasepro/ui' or its corresponding type declarations.
src/components/EntityCollectionView/EntityCollectionViewStartActions.tsx(8,73): error TS2307: Cannot find module '@rebasepro/ui' or its corresponding type declarations.
src/components/EntityCollectionView/FiltersDialog.tsx(17,8): error TS2307: Cannot find module '@rebasepro/ui' or its corresponding type declarations.
src/components/EntityCollectionView/ViewModeToggle.tsx(14,8): error TS2307: Cannot find module '@rebasepro/ui' or its corresponding type declarations.
src/components/EntityCollectionView/ViewModeToggle.tsx(157,45): error TS7006: Parameter 'v' implicitly has an 'any' type.
src/components/EntityCollectionView/ViewModeToggle.tsx(158,43): error TS7006: Parameter 'v' implicitly has an 'any' type.
src/components/EntityCollectionView/ViewModeToggle.tsx(180,45): error TS7006: Parameter 'v' implicitly has an 'any' type.
src/components/EntityCollectionView/ViewModeToggle.tsx(181,43): error TS7006: Parameter 'v' implicitly has an 'any' type.
src/components/EntityPreview.tsx(7,101): error TS2307: Cannot find module '@rebasepro/ui' or its corresponding type declarations.
src/components/EntityPreview.tsx(175,39): error TS7006: Parameter 'e' implicitly has an 'any' type.
src/components/EntityView.tsx(3,80): error TS2307: Cannot find module '@rebasepro/ui' or its corresponding type declarations.
src/components/ErrorBoundary.tsx(3,39): error TS2307: Cannot find module '@rebasepro/ui' or its corresponding type declarations.
src/components/ErrorTooltip.tsx(2,39): error TS2307: Cannot find module '@rebasepro/ui' or its corresponding type declarations.
src/components/ErrorView.tsx(3,49): error TS2307: Cannot find module '@rebasepro/ui' or its corresponding type declarations.
src/components/FieldCaption.tsx(2,28): error TS2307: Cannot find module '@rebasepro/ui' or its corresponding type declarations.
src/components/HomePage/ContentHomePage.tsx(3,38): error TS2307: Cannot find module '@rebasepro/ui' or its corresponding type declarations.
src/components/HomePage/FavouritesView.tsx(5,42): error TS2307: Cannot find module '@rebasepro/ui' or its corresponding type declarations.
src/components/HomePage/HomePageDnD.tsx(32,21): error TS2307: Cannot find module '@rebasepro/ui' or its corresponding type declarations.
src/components/HomePage/NavigationCard.tsx(1,68): error TS2307: Cannot find module '@rebasepro/ui' or its corresponding type declarations.
src/components/HomePage/NavigationCardBinding.tsx(7,38): error TS2307: Cannot find module '@rebasepro/ui' or its corresponding type declarations.
src/components/HomePage/NavigationCardBinding.tsx(54,27): error TS7006: Parameter 'e' implicitly has an 'any' type.
src/components/HomePage/NavigationGroup.tsx(2,72): error TS2307: Cannot find module '@rebasepro/ui' or its corresponding type declarations.
src/components/HomePage/NavigationGroup.tsx(51,31): error TS7006: Parameter 'e' implicitly has an 'any' type.
src/components/HomePage/NavigationGroup.tsx(91,40): error TS7006: Parameter 'open' implicitly has an 'any' type.
src/components/HomePage/RenameGroupDialog.tsx(2,86): error TS2307: Cannot find module '@rebasepro/ui' or its corresponding type declarations.
src/components/HomePage/SmallNavigationCard.tsx(1,83): error TS2307: Cannot find module '@rebasepro/ui' or its corresponding type declarations.
src/components/HomePage/StudioHomePage.tsx(2,39): error TS2307: Cannot find module '@rebasepro/ui' or its corresponding type declarations.
src/components/LanguageToggle.tsx(2,82): error TS2307: Cannot find module '@rebasepro/ui' or its corresponding type declarations.
src/components/NotFoundPage.tsx(3,36): error TS2307: Cannot find module '@rebasepro/ui' or its corresponding type declarations.
src/components/PropertyCollectionView.tsx(2,48): error TS2307: Cannot find module '@rebasepro/ui' or its corresponding type declarations.
src/components/PropertyIdCopyTooltip.tsx(1,66): error TS2307: Cannot find module '@rebasepro/ui' or its corresponding type declarations.
src/components/ReferenceTable/EntitySelectionTable.tsx(19,60): error TS2307: Cannot find module '@rebasepro/ui' or its corresponding type declarations.
src/components/ReferenceWidget.tsx(7,29): error TS2307: Cannot find module '@rebasepro/ui' or its corresponding type declarations.
src/components/RelationSelector.tsx(21,8): error TS2307: Cannot find module '@rebasepro/ui' or its corresponding type declarations.
src/components/RelationSelector.tsx(337,67): error TS7006: Parameter 'event' implicitly has an 'any' type.
src/components/SearchIconsView.tsx(3,88): error TS2307: Cannot find module '@rebasepro/ui' or its corresponding type declarations.
src/components/SearchIconsView.tsx(38,44): error TS18046: 'e.item' is of type 'unknown'.
src/components/SelectableTable/filters/BooleanFilterField.tsx(3,40): error TS2307: Cannot find module '@rebasepro/ui' or its corresponding type declarations.
src/components/SelectableTable/filters/DateTimeFilterField.tsx(3,51): error TS2307: Cannot find module '@rebasepro/ui' or its corresponding type declarations.
src/components/SelectableTable/filters/DateTimeFilterField.tsx(94,37): error TS7006: Parameter 'value' implicitly has an 'any' type.
src/components/SelectableTable/filters/DateTimeFilterField.tsx(97,35): error TS7006: Parameter 'op' implicitly has an 'any' type.
src/components/SelectableTable/filters/ReferenceFilterField.tsx(6,61): error TS2307: Cannot find module '@rebasepro/ui' or its corresponding type declarations.
src/components/SelectableTable/filters/ReferenceFilterField.tsx(154,37): error TS7006: Parameter 'value' implicitly has an 'any' type.
src/components/SelectableTable/filters/ReferenceFilterField.tsx(157,35): error TS7006: Parameter 'op' implicitly has an 'any' type.
src/components/SelectableTable/filters/ReferenceFilterField.tsx(192,43): error TS7006: Parameter 'checked' implicitly has an 'any' type.
src/components/SelectableTable/filters/RelationFilterField.tsx(4,53): error TS2307: Cannot find module '@rebasepro/ui' or its corresponding type declarations.
src/components/SelectableTable/filters/RelationFilterField.tsx(98,37): error TS7006: Parameter 'newOp' implicitly has an 'any' type.
src/components/SelectableTable/filters/RelationFilterField.tsx(101,35): error TS7006: Parameter 'op' implicitly has an 'any' type.
src/components/SelectableTable/filters/StringNumberFilterField.tsx(12,8): error TS2307: Cannot find module '@rebasepro/ui' or its corresponding type declarations.
src/components/SelectableTable/filters/StringNumberFilterField.tsx(115,37): error TS7006: Parameter 'value' implicitly has an 'any' type.
src/components/SelectableTable/filters/StringNumberFilterField.tsx(118,35): error TS7006: Parameter 'op' implicitly has an 'any' type.
src/components/SelectableTable/filters/StringNumberFilterField.tsx(135,32): error TS7006: Parameter 'evt' implicitly has an 'any' type.
src/components/SelectableTable/filters/StringNumberFilterField.tsx(142,35): error TS7006: Parameter 'e' implicitly has an 'any' type.
src/components/SelectableTable/filters/StringNumberFilterField.tsx(154,41): error TS7006: Parameter 'value' implicitly has an 'any' type.
src/components/SelectableTable/filters/StringNumberFilterField.tsx(159,39): error TS7006: Parameter 'e' implicitly has an 'any' type.
src/components/SelectableTable/filters/StringNumberFilterField.tsx(162,39): error TS7006: Parameter 'enumKey' implicitly has an 'any' type.
src/components/SelectableTable/filters/StringNumberFilterField.tsx(192,41): error TS7006: Parameter 'value' implicitly has an 'any' type.
src/components/SelectableTable/filters/StringNumberFilterField.tsx(193,83): error TS7006: Parameter 'v' implicitly has an 'any' type.
src/components/SelectableTable/filters/StringNumberFilterField.tsx(198,39): error TS7006: Parameter 'e' implicitly has an 'any' type.
src/components/SelectableTable/SelectableTable.tsx(18,35): error TS2307: Cannot find module '@rebasepro/ui' or its corresponding type declarations.
src/components/UnsavedChangesDialog.tsx(2,87): error TS2307: Cannot find module '@rebasepro/ui' or its corresponding type declarations.
src/components/UserDisplay.tsx(1,60): error TS2307: Cannot find module '@rebasepro/ui' or its corresponding type declarations.
src/components/UserSettingsView.tsx(12,8): error TS2307: Cannot find module '@rebasepro/ui' or its corresponding type declarations.
src/components/UserSettingsView.tsx(136,53): error TS7006: Parameter 'v' implicitly has an 'any' type.
src/components/UserSettingsView.tsx(151,36): error TS7006: Parameter 'e' implicitly has an 'any' type.
src/components/UserSettingsView.tsx(156,36): error TS7006: Parameter 'e' implicitly has an 'any' type.
src/components/VirtualTable/fields/VirtualTableDateField.tsx(2,53): error TS2307: Cannot find module '@rebasepro/ui' or its corresponding type declarations.
src/components/VirtualTable/fields/VirtualTableDateField.tsx(30,24): error TS7006: Parameter 'dateValue' implicitly has an 'any' type.
src/components/VirtualTable/fields/VirtualTableInput.tsx(4,51): error TS2307: Cannot find module '@rebasepro/ui' or its corresponding type declarations.
src/components/VirtualTable/fields/VirtualTableInput.tsx(78,24): error TS7006: Parameter 'evt' implicitly has an 'any' type.
src/components/VirtualTable/fields/VirtualTableNumberInput.tsx(3,38): error TS2307: Cannot find module '@rebasepro/ui' or its corresponding type declarations.
src/components/VirtualTable/fields/VirtualTableSelect.tsx(4,66): error TS2307: Cannot find module '@rebasepro/ui' or its corresponding type declarations.
src/components/VirtualTable/fields/VirtualTableSwitch.tsx(2,31): error TS2307: Cannot find module '@rebasepro/ui' or its corresponding type declarations.
src/components/VirtualTable/fields/VirtualTableUserSelect.tsx(2,66): error TS2307: Cannot find module '@rebasepro/ui' or its corresponding type declarations.
src/components/VirtualTable/fields/VirtualTableUserSelect.tsx(68,32): error TS7006: Parameter 'ids' implicitly has an 'any' type.
src/components/VirtualTable/fields/VirtualTableUserSelect.tsx(70,35): error TS7006: Parameter 'id' implicitly has an 'any' type.
src/components/VirtualTable/VirtualTable.tsx(22,63): error TS2307: Cannot find module '@rebasepro/ui' or its corresponding type declarations.
src/components/VirtualTable/VirtualTableHeader.tsx(15,8): error TS2307: Cannot find module '@rebasepro/ui' or its corresponding type declarations.
src/components/VirtualTable/VirtualTableHeaderRow.tsx(7,41): error TS2307: Cannot find module '@rebasepro/ui' or its corresponding type declarations.
src/components/VirtualTable/VirtualTableRow.tsx(6,21): error TS2307: Cannot find module '@rebasepro/ui' or its corresponding type declarations.
src/core/DefaultAppBar.tsx(19,8): error TS2307: Cannot find module '@rebasepro/ui' or its corresponding type declarations.
src/core/DefaultDrawer.tsx(7,42): error TS2307: Cannot find module '@rebasepro/ui' or its corresponding type declarations.
src/core/DefaultDrawer.tsx(153,75): error TS2307: Cannot find module '@rebasepro/ui' or its corresponding type declarations.
src/core/DrawerNavigationGroup.tsx(2,49): error TS2307: Cannot find module '@rebasepro/ui' or its corresponding type declarations.
src/core/DrawerNavigationItem.tsx(4,30): error TS2307: Cannot find module '@rebasepro/ui' or its corresponding type declarations.
src/core/EntityEditView.tsx(22,106): error TS2307: Cannot find module '@rebasepro/ui' or its corresponding type declarations.
src/core/EntityEditView.tsx(453,37): error TS7006: Parameter 'value' implicitly has an 'any' type.
src/core/EntityEditViewFormActions.tsx(26,8): error TS2307: Cannot find module '@rebasepro/ui' or its corresponding type declarations.
src/core/EntityEditViewFormActions.tsx(313,23): error TS7006: Parameter 'event' implicitly has an 'any' type.
src/core/EntitySidePanel.tsx(10,55): error TS2307: Cannot find module '@rebasepro/ui' or its corresponding type declarations.
src/core/field_configs.tsx(41,8): error TS2307: Cannot find module '@rebasepro/ui' or its corresponding type declarations.
src/core/Rebase.tsx(4,42): error TS2307: Cannot find module '@rebasepro/ui' or its corresponding type declarations.
src/core/SideDialogs.tsx(4,23): error TS2307: Cannot find module '@rebasepro/ui' or its corresponding type declarations.
src/core/SideDialogs.tsx(147,32): error TS7006: Parameter 'open' implicitly has an 'any' type.
src/editor/components/image-bubble.tsx(5,64): error TS2307: Cannot find module '@rebasepro/ui' or its corresponding type declarations.
src/editor/components/SlashCommandMenu.tsx(21,8): error TS2307: Cannot find module '@rebasepro/ui' or its corresponding type declarations.
src/editor/components/table-bubble.tsx(4,62): error TS2307: Cannot find module '@rebasepro/ui' or its corresponding type declarations.
src/editor/editor.tsx(4,87): error TS2307: Cannot find module '@rebasepro/ui' or its corresponding type declarations.
src/editor/extensions/Image.ts(1,41): error TS2307: Cannot find module '@rebasepro/ui' or its corresponding type declarations.
src/editor/nodeViews/ImageComponent.tsx(3,41): error TS2307: Cannot find module '@rebasepro/ui' or its corresponding type declarations.
src/editor/selectors/color-selector.tsx(3,67): error TS2307: Cannot find module '@rebasepro/ui' or its corresponding type declarations.
src/editor/selectors/link-selector.tsx(2,78): error TS2307: Cannot find module '@rebasepro/ui' or its corresponding type declarations.
src/editor/selectors/node-selector.tsx(19,8): error TS2307: Cannot find module '@rebasepro/ui' or its corresponding type declarations.
src/editor/selectors/text-buttons.tsx(12,8): error TS2307: Cannot find module '@rebasepro/ui' or its corresponding type declarations.
src/form/components/FieldHelperText.tsx(2,59): error TS2307: Cannot find module '@rebasepro/ui' or its corresponding type declarations.
src/form/components/FormLayout.tsx(2,21): error TS2307: Cannot find module '@rebasepro/ui' or its corresponding type declarations.
src/form/components/LabelWithIcon.tsx(2,21): error TS2307: Cannot find module '@rebasepro/ui' or its corresponding type declarations.
src/form/components/LocalChangesMenu.tsx(17,8): error TS2307: Cannot find module '@rebasepro/ui' or its corresponding type declarations.
src/form/components/StorageItemPreview.tsx(6,83): error TS2307: Cannot find module '@rebasepro/ui' or its corresponding type declarations.
src/form/components/StorageItemPreview.tsx(49,39): error TS7006: Parameter 'event' implicitly has an 'any' type.
src/form/components/StorageUploadProgress.tsx(6,43): error TS2307: Cannot find module '@rebasepro/ui' or its corresponding type declarations.
src/form/EntityForm.tsx(33,99): error TS2307: Cannot find module '@rebasepro/ui' or its corresponding type declarations.
src/form/EntityFormActions.tsx(20,8): error TS2307: Cannot find module '@rebasepro/ui' or its corresponding type declarations.
src/form/field_bindings/ArrayCustomShapedFieldBinding.tsx(5,45): error TS2307: Cannot find module '@rebasepro/ui' or its corresponding type declarations.
src/form/field_bindings/ArrayOfReferencesFieldBinding.tsx(10,90): error TS2307: Cannot find module '@rebasepro/ui' or its corresponding type declarations.
src/form/field_bindings/BlockFieldBinding.tsx(11,82): error TS2307: Cannot find module '@rebasepro/ui' or its corresponding type declarations.
src/form/field_bindings/BlockFieldBinding.tsx(244,49): error TS7006: Parameter 'value' implicitly has an 'any' type.
src/form/field_bindings/DateTimeFieldBinding.tsx(8,31): error TS2307: Cannot find module '@rebasepro/ui' or its corresponding type declarations.
src/form/field_bindings/DateTimeFieldBinding.tsx(48,32): error TS7006: Parameter 'dateValue' implicitly has an 'any' type.
src/form/field_bindings/KeyValueFieldBinding.tsx(21,8): error TS2307: Cannot find module '@rebasepro/ui' or its corresponding type declarations.
src/form/field_bindings/KeyValueFieldBinding.tsx(223,23): error TS7006: Parameter 'e' implicitly has an 'any' type.
src/form/field_bindings/KeyValueFieldBinding.tsx(277,28): error TS7006: Parameter 'event' implicitly has an 'any' type.
src/form/field_bindings/KeyValueFieldBinding.tsx(308,28): error TS7006: Parameter 'date' implicitly has an 'any' type.
src/form/field_bindings/KeyValueFieldBinding.tsx(319,33): error TS7006: Parameter 'newValue' implicitly has an 'any' type.
src/form/field_bindings/KeyValueFieldBinding.tsx(395,32): error TS7006: Parameter 'event' implicitly has an 'any' type.
src/form/field_bindings/KeyValueFieldBinding.tsx(463,28): error TS7006: Parameter 'event' implicitly has an 'any' type.
src/form/field_bindings/KeyValueFieldBinding.tsx(481,28): error TS7006: Parameter 'date' implicitly has an 'any' type.
src/form/field_bindings/KeyValueFieldBinding.tsx(488,33): error TS7006: Parameter 'v' implicitly has an 'any' type.
src/form/field_bindings/MapFieldBinding.tsx(10,70): error TS2307: Cannot find module '@rebasepro/ui' or its corresponding type declarations.
src/form/field_bindings/MapFieldBinding.tsx(104,36): error TS7006: Parameter 'expanded' implicitly has an 'any' type.
src/form/field_bindings/MapFieldBinding.tsx(153,27): error TS7006: Parameter 'key' implicitly has an 'any' type.
src/form/field_bindings/MarkdownEditorFieldBinding.tsx(12,100): error TS2307: Cannot find module '@rebasepro/ui' or its corresponding type declarations.
src/form/field_bindings/MultipleRelationFieldBinding.tsx(9,90): error TS2307: Cannot find module '@rebasepro/ui' or its corresponding type declarations.
src/form/field_bindings/MultiSelectFieldBinding.tsx(8,57): error TS2307: Cannot find module '@rebasepro/ui' or its corresponding type declarations.
src/form/field_bindings/ReadOnlyFieldBinding.tsx(9,33): error TS2307: Cannot find module '@rebasepro/ui' or its corresponding type declarations.
src/form/field_bindings/ReferenceAsStringFieldBinding.tsx(11,21): error TS2307: Cannot find module '@rebasepro/ui' or its corresponding type declarations.
src/form/field_bindings/ReferenceFieldBinding.tsx(12,21): error TS2307: Cannot find module '@rebasepro/ui' or its corresponding type declarations.
src/form/field_bindings/RelationFieldBinding.tsx(9,21): error TS2307: Cannot find module '@rebasepro/ui' or its corresponding type declarations.
src/form/field_bindings/RepeatFieldBinding.tsx(8,45): error TS2307: Cannot find module '@rebasepro/ui' or its corresponding type declarations.
src/form/field_bindings/SelectFieldBinding.tsx(7,64): error TS2307: Cannot find module '@rebasepro/ui' or its corresponding type declarations.
src/form/field_bindings/StorageUploadFieldBinding.tsx(36,8): error TS2307: Cannot find module '@rebasepro/ui' or its corresponding type declarations.
src/form/field_bindings/SwitchFieldBinding.tsx(6,40): error TS2307: Cannot find module '@rebasepro/ui' or its corresponding type declarations.
src/form/field_bindings/SwitchFieldBinding.tsx(43,37): error TS7006: Parameter 'v' implicitly has an 'any' type.
src/form/field_bindings/TextFieldBinding.tsx(3,132): error TS2307: Cannot find module '@rebasepro/ui' or its corresponding type declarations.
src/form/field_bindings/UserSelectFieldBinding.tsx(5,64): error TS2307: Cannot find module '@rebasepro/ui' or its corresponding type declarations.
src/form/PropertyFieldBinding.tsx(18,28): error TS2307: Cannot find module '@rebasepro/ui' or its corresponding type declarations.
src/preview/components/BooleanPreview.tsx(2,31): error TS2307: Cannot find module '@rebasepro/ui' or its corresponding type declarations.
src/preview/components/EnumValuesChip.tsx(2,22): error TS2307: Cannot find module '@rebasepro/ui' or its corresponding type declarations.
src/preview/components/ImagePreview.tsx(3,69): error TS2307: Cannot find module '@rebasepro/ui' or its corresponding type declarations.
src/preview/components/ImagePreview.tsx(84,35): error TS7006: Parameter 'e' implicitly has an 'any' type.
src/preview/components/ReferencePreview.tsx(5,26): error TS2307: Cannot find module '@rebasepro/ui' or its corresponding type declarations.
src/preview/components/RelationPreview.tsx(5,26): error TS2307: Cannot find module '@rebasepro/ui' or its corresponding type declarations.
src/preview/components/UrlComponentPreview.tsx(5,74): error TS2307: Cannot find module '@rebasepro/ui' or its corresponding type declarations.
src/preview/components/UserPreview.tsx(5,28): error TS2307: Cannot find module '@rebasepro/ui' or its corresponding type declarations.
src/preview/property_previews/ArrayOneOfPreview.tsx(5,41): error TS2307: Cannot find module '@rebasepro/ui' or its corresponding type declarations.
src/preview/property_previews/ArrayPropertyPreview.tsx(6,41): error TS2307: Cannot find module '@rebasepro/ui' or its corresponding type declarations.
src/preview/property_previews/MapPropertyPreview.tsx(5,53): error TS2307: Cannot find module '@rebasepro/ui' or its corresponding type declarations.
src/preview/property_previews/SkeletonPropertyComponent.tsx(3,26): error TS2307: Cannot find module '@rebasepro/ui' or its corresponding type declarations.
src/preview/property_previews/StringPropertyPreview.tsx(7,50): error TS2307: Cannot find module '@rebasepro/ui' or its corresponding type declarations.
src/preview/PropertyPreview.tsx(20,26): error TS2307: Cannot find module '@rebasepro/ui' or its corresponding type declarations.
src/util/enums.ts(2,69): error TS2307: Cannot find module '@rebasepro/ui' or its corresponding type declarations.
src/util/icon_list.ts(2,26): error TS2307: Cannot find module '@rebasepro/ui' or its corresponding type declarations.
src/util/icon_list.ts(7,11): error TS7006: Parameter 'importName' implicitly has an 'any' type.
src/util/icons.tsx(2,57): error TS2307: Cannot find module '@rebasepro/ui' or its corresponding type declarations.
src/util/icons.tsx(84,91): error TS7006: Parameter 'key' implicitly has an 'any' type.
src/util/property_utils.tsx(5,43): error TS2307: Cannot find module '@rebasepro/ui' or its corresponding type declarations.
